<?xml version="1.0" encoding="UTF-8"?>
<!-- Generated by org.testng.reporters.JUnitXMLReporter -->
<testsuite ignored="0" hostname="SurLenovo" failures="0" tests="29" name="Default test" time="147.815" errors="0" timestamp="2022-09-16T12:57:12 PDT">
  <testcase classname="ds.algo.testcases.TestTree" name="TestApplicationsofBinarytrees" time="1.261"/>
  <testcase classname="ds.algo.testcases.TestTree" name="TestApplicationsofBinarytreesTryHere" time="4.636"/>
  <testcase classname="ds.algo.testcases.TestTree" name="TestBinarySearchTrees" time="2.314"/>
  <testcase classname="ds.algo.testcases.TestTree" name="TestBinarySearchTreesTryHere" time="1.62"/>
  <testcase classname="ds.algo.testcases.TestTree" name="TestBinaryTreeTraversals" time="1.249"/>
  <testcase classname="ds.algo.testcases.TestTree" name="TestBinaryTreeTraversalsTryHere" time="1.579"/>
  <testcase classname="ds.algo.testcases.TestTree" name="TestBinaryTrees" time="1.387"/>
  <testcase classname="ds.algo.testcases.TestTree" name="TestBinaryTreesTryHere" time="2.105"/>
  <testcase classname="ds.algo.testcases.TestTree" name="TestClickGetTryHere" time="2.346"/>
  <testcase classname="ds.algo.testcases.TestTree" name="TestGetTabRun" time="0.989"/>
  <testcase classname="ds.algo.testcases.TestTree" name="TestImplementationOfBST" time="0.82"/>
  <testcase classname="ds.algo.testcases.TestTree" name="TestImplementationOfBSTTryHere" time="2.328"/>
  <testcase classname="ds.algo.testcases.TestTree" name="TestImplementationinPython" time="0.94"/>
  <testcase classname="ds.algo.testcases.TestTree" name="TestImplementationinPythonTryHere" time="1.244"/>
  <testcase classname="ds.algo.testcases.TestTree" name="TestImplementationofBinaryTrees" time="0.793"/>
  <testcase classname="ds.algo.testcases.TestTree" name="TestImplementationofBinaryTreesTryHere" time="1.225"/>
  <testcase classname="ds.algo.testcases.TestTree" name="TestOverview" time="0.824"/>
  <testcase classname="ds.algo.testcases.TestTree" name="TestPracticeQuestions" time="0.73"/>
  <testcase classname="ds.algo.testcases.TestTree" name="TestTerminologies" time="0.72"/>
  <testcase classname="ds.algo.testcases.TestTree" name="TestTerminologiesTryHere" time="1.298"/>
  <testcase classname="ds.algo.testcases.TestTree" name="TestTraversal" time="0.898"/>
  <testcase classname="ds.algo.testcases.TestTree" name="TestTraversalTryHere" time="1.259"/>
  <testcase classname="ds.algo.testcases.TestTree" name="TestTraversalsIllustration" time="1.28"/>
  <testcase classname="ds.algo.testcases.TestTree" name="TestTraversalsIllustrationTryHere" time="1.227"/>
  <testcase classname="ds.algo.testcases.TestTree" name="TestTreeStarted" time="0.293"/>
  <testcase classname="ds.algo.testcases.TestTree" name="TestTypesOfBinaryTrees" time="1.381"/>
  <testcase classname="ds.algo.testcases.TestTree" name="TestTypesOfBinaryTreesTryHere" time="1.285"/>
  <testcase classname="ds.algo.testcases.TestTree" name="TestTypesOfTree" time="0.688"/>
  <testcase classname="ds.algo.testcases.TestTree" name="TestTypesOfTreeTryHere" time="1.477"/>
</testsuite> <!-- Default test -->
